<?xml version="1.0" encoding="UTF-8"?>
<testsuite xmlns:xsi="http://www.w3.org/2001/XMLSchema-instance" xsi:noNamespaceSchemaLocation="https://maven.apache.org/surefire/maven-surefire-plugin/xsd/surefire-test-report-3.0.xsd" version="3.0" name="com.TextGraphTest" time="1.205" tests="7" errors="0" skipped="0" failures="0">
  <properties>
    <property name="sun.desktop" value="windows"/>
    <property name="awt.toolkit" value="sun.awt.windows.WToolkit"/>
    <property name="file.encoding.pkg" value="sun.io"/>
    <property name="java.specification.version" value="1.8"/>
    <property name="sun.cpu.isalist" value="amd64"/>
    <property name="sun.jnu.encoding" value="GBK"/>
    <property name="java.class.path" value="C:\Users\Fanful\IdeaProjects\LabOne\target\test-classes;C:\Users\Fanful\IdeaProjects\LabOne\target\classes;C:\Users\Fanful\.m2\repository\org\openjfx\javafx-controls\17.0.2\javafx-controls-17.0.2.jar;C:\Users\Fanful\.m2\repository\org\openjfx\javafx-controls\17.0.2\javafx-controls-17.0.2-win.jar;C:\Users\Fanful\.m2\repository\org\openjfx\javafx-graphics\17.0.2\javafx-graphics-17.0.2.jar;C:\Users\Fanful\.m2\repository\org\openjfx\javafx-graphics\17.0.2\javafx-graphics-17.0.2-win.jar;C:\Users\Fanful\.m2\repository\org\openjfx\javafx-base\17.0.2\javafx-base-17.0.2.jar;C:\Users\Fanful\.m2\repository\org\openjfx\javafx-base\17.0.2\javafx-base-17.0.2-win.jar;C:\Users\Fanful\.m2\repository\org\openjfx\javafx-fxml\17.0.2\javafx-fxml-17.0.2.jar;C:\Users\Fanful\.m2\repository\org\openjfx\javafx-fxml\17.0.2\javafx-fxml-17.0.2-win.jar;C:\Users\Fanful\.m2\repository\junit\junit\4.12\junit-4.12.jar;C:\Users\Fanful\.m2\repository\org\hamcrest\hamcrest-core\1.3\hamcrest-core-1.3.jar;"/>
    <property name="java.vm.vendor" value="Oracle Corporation"/>
    <property name="sun.arch.data.model" value="64"/>
    <property name="user.variant" value=""/>
    <property name="java.vendor.url" value="http://java.oracle.com/"/>
    <property name="user.timezone" value="Asia/Shanghai"/>
    <property name="java.vm.specification.version" value="1.8"/>
    <property name="os.name" value="Windows 11"/>
    <property name="user.country" value="CN"/>
    <property name="sun.java.launcher" value="SUN_STANDARD"/>
    <property name="sun.boot.library.path" value="C:\Program Files\Java\jdk-1.8\jre\bin"/>
    <property name="sun.java.command" value="C:\Users\Fanful\AppData\Local\Temp\surefire2465375022414601700\surefirebooter-20250529084510773_3.jar C:\Users\Fanful\AppData\Local\Temp\surefire2465375022414601700 2025-05-29T08-45-09_432-jvmRun1 surefire-20250529084510773_1tmp surefire_0-20250529084510773_2tmp"/>
    <property name="surefire.test.class.path" value="C:\Users\Fanful\IdeaProjects\LabOne\target\test-classes;C:\Users\Fanful\IdeaProjects\LabOne\target\classes;C:\Users\Fanful\.m2\repository\org\openjfx\javafx-controls\17.0.2\javafx-controls-17.0.2.jar;C:\Users\Fanful\.m2\repository\org\openjfx\javafx-controls\17.0.2\javafx-controls-17.0.2-win.jar;C:\Users\Fanful\.m2\repository\org\openjfx\javafx-graphics\17.0.2\javafx-graphics-17.0.2.jar;C:\Users\Fanful\.m2\repository\org\openjfx\javafx-graphics\17.0.2\javafx-graphics-17.0.2-win.jar;C:\Users\Fanful\.m2\repository\org\openjfx\javafx-base\17.0.2\javafx-base-17.0.2.jar;C:\Users\Fanful\.m2\repository\org\openjfx\javafx-base\17.0.2\javafx-base-17.0.2-win.jar;C:\Users\Fanful\.m2\repository\org\openjfx\javafx-fxml\17.0.2\javafx-fxml-17.0.2.jar;C:\Users\Fanful\.m2\repository\org\openjfx\javafx-fxml\17.0.2\javafx-fxml-17.0.2-win.jar;C:\Users\Fanful\.m2\repository\junit\junit\4.12\junit-4.12.jar;C:\Users\Fanful\.m2\repository\org\hamcrest\hamcrest-core\1.3\hamcrest-core-1.3.jar;"/>
    <property name="sun.cpu.endian" value="little"/>
    <property name="user.home" value="C:\Users\Fanful"/>
    <property name="user.language" value="zh"/>
    <property name="java.specification.vendor" value="Oracle Corporation"/>
    <property name="java.home" value="C:\Program Files\Java\jdk-1.8\jre"/>
    <property name="basedir" value="C:\Users\Fanful\IdeaProjects\LabOne"/>
    <property name="file.separator" value="\"/>
    <property name="line.separator" value="&#10;"/>
    <property name="java.vm.specification.vendor" value="Oracle Corporation"/>
    <property name="java.specification.name" value="Java Platform API Specification"/>
    <property name="java.awt.graphicsenv" value="sun.awt.Win32GraphicsEnvironment"/>
    <property name="surefire.real.class.path" value="C:\Users\Fanful\AppData\Local\Temp\surefire2465375022414601700\surefirebooter-20250529084510773_3.jar;C:\\Users\\Fanful\\.m2\\repository\\org\\jacoco\\org.jacoco.agent\\0.8.7\\org.jacoco.agent-0.8.7-runtime.jar"/>
    <property name="sun.boot.class.path" value="C:\Program Files\Java\jdk-1.8\jre\lib\resources.jar;C:\Program Files\Java\jdk-1.8\jre\lib\rt.jar;C:\Program Files\Java\jdk-1.8\jre\lib\jsse.jar;C:\Program Files\Java\jdk-1.8\jre\lib\jce.jar;C:\Program Files\Java\jdk-1.8\jre\lib\charsets.jar;C:\Program Files\Java\jdk-1.8\jre\lib\jfr.jar;C:\Program Files\Java\jdk-1.8\jre\classes"/>
    <property name="user.script" value=""/>
    <property name="sun.management.compiler" value="HotSpot 64-Bit Tiered Compilers"/>
    <property name="java.runtime.version" value="1.8.0_391-b13"/>
    <property name="user.name" value="Fanful"/>
    <property name="path.separator" value=";"/>
    <property name="os.version" value="10.0"/>
    <property name="java.endorsed.dirs" value="C:\Program Files\Java\jdk-1.8\jre\lib\endorsed"/>
    <property name="java.runtime.name" value="Java(TM) SE Runtime Environment"/>
    <property name="file.encoding" value="GBK"/>
    <property name="java.vm.name" value="Java HotSpot(TM) 64-Bit Server VM"/>
    <property name="localRepository" value="C:\Users\Fanful\.m2\repository"/>
    <property name="java.vendor.url.bug" value="http://bugreport.sun.com/bugreport/"/>
    <property name="java.io.tmpdir" value="C:\Users\Fanful\AppData\Local\Temp\"/>
    <property name="java.version" value="1.8.0_391"/>
    <property name="user.dir" value="C:\Users\Fanful\IdeaProjects\LabOne"/>
    <property name="os.arch" value="amd64"/>
    <property name="java.vm.specification.name" value="Java Virtual Machine Specification"/>
    <property name="java.awt.printerjob" value="sun.awt.windows.WPrinterJob"/>
    <property name="sun.os.patch.level" value=""/>
    <property name="java.library.path" value="C:\Program Files\Java\jdk-1.8\jre\bin;C:\WINDOWS\Sun\Java\bin;C:\WINDOWS\system32;C:\WINDOWS;C:\Users\Fanful\miniconda3\condabin;C:\Program Files\PowerShell\7;C:\Program Files (x86)\VMware\VMware Workstation\bin\;c:\Users\Fanful\AppData\Local\Programs\cursor\resources\app\bin;C:\Program Files\Common Files\Oracle\Java\javapath;C:\Program Files (x86)\Common Files\Oracle\Java\javapath;C:\WINDOWS\system32;C:\WINDOWS;C:\WINDOWS\System32\Wbem;C:\WINDOWS\System32\WindowsPowerShell\v1.0\;C:\WINDOWS\System32\OpenSSH\;C:\Users\Fanful\AppData\Local\Android\Sdk\platform-tools;C:\Users\Fanful\javasrc\chromedriver-win64;C:\Program Files\Java\jdk-1.8\bin;C:\Program Files\Java\jdk-1.8\jre\bin;C:\Program Files\Maven\apache-maven-3.9.6\bin;C:\Users\Fanful\miniconda3;C:\Users\Fanful\miniconda3\Scripts;C:\Users\Fanful\miniconda3\Library\bin;C:\Program Files\CMake\bin;C:\Users\Fanful\opencv\opencv\build\x64\vc14\bin;C:\MinGW\bin;C:\Program Files (x86)\Windows Kits\10\Windows Performance Toolkit\;C:\Ruby33-x64\bin;C:\Users\Fanful\AppData\Local\Programs\Python\Python311\Scripts\;C:\Users\Fanful\AppData\Local\Programs\Python\Python311\;C:;C:\Program Files\Zero Install;C:\Program Files\Git\cmd;C:\Program Files\MySQL\MySQL Server 8.0\bin;C:\Program Files\nodejs\;C:\ProgramData\chocolatey\bin;C:\Program Files\nodejs;C:\Program Files\nodejs\node_global;C:\Program Files\nodejs\node_cache;C:\Program Files\dotnet\;C:\WINDOWS\system32;C:\WINDOWS;C:\WINDOWS\System32\Wbem;C:\WINDOWS\System32\WindowsPowerShell\v1.0\;C:\WINDOWS\System32\OpenSSH\;C:\Program Files\PowerShell\7\;C:\Ruby33-x64\bin;C:\Users\Fanful\AppData\Local\Programs\Python\Python311\Scripts\;C:\Users\Fanful\AppData\Local\Programs\Python\Python311\;C:\Program Files\Java\jdk-1.8\bin;C:\Program Files\JetBrains\IntelliJ IDEA Community Edition 2023.2\bin;C:\Program Files\JetBrains\CLion 2023.2.2\bin;C:\Program Files\Google\Chrome\Application;C:\Program Files\JetBrains\IntelliJ IDEA 2023.2.2\bin;C:\Program Files\JetBrains\PyCharm 2024.2.3\bin;C:\Users\Fanful\AppData\Local\Programs\oh-my-posh\bin;C:\Users\Fanful\AppData\Local\Microsoft\WindowsApps;C:\Program Files\Huawei\DevEco Studio\bin;;C:\Users\Fanful\AppData\Local\Pandoc\;C:\Program Files\Google\Chrome\Application;C:\Program Files\MySQL\MySQL Server 8.0\bin;C:\Program Files\nodejs\node_global;C:\Users\Fanful\thirdinclude\opencv\build\x64\vc16\bin;C:\Users\Fanful\AppData\Local\Microsoft\WindowsApps;C:\Users\Fanful\AppData\Local\Programs\cursor\resources\app\bin;C:\Users\Fanful\AppData\Local\Microsoft\WinGet\Packages\Typst.Typst_Microsoft.Winget.Source_8wekyb3d8bbwe\typst-x86_64-pc-windows-msvc;;."/>
    <property name="java.vm.info" value="mixed mode"/>
    <property name="java.vendor" value="Oracle Corporation"/>
    <property name="java.vm.version" value="25.391-b13"/>
    <property name="java.specification.maintenance.version" value="5"/>
    <property name="java.ext.dirs" value="C:\Program Files\Java\jdk-1.8\jre\lib\ext;C:\WINDOWS\Sun\Java\lib\ext"/>
    <property name="sun.io.unicode.encoding" value="UnicodeLittle"/>
    <property name="maven.repo.local" value="C:\Users\Fanful/.m2/repository "/>
    <property name="java.class.version" value="52.0"/>
  </properties>
  <testcase name="testCalcShortestPath_IsolatedNode" classname="com.TextGraphTest" time="1.166"/>
  <testcase name="testCalcShortestPath_SameWord" classname="com.TextGraphTest" time="0.006"/>
  <testcase name="testCalcShortestPath_NoPath" classname="com.TextGraphTest" time="0.004"/>
  <testcase name="testCalcShortestPath_ValidPath" classname="com.TextGraphTest" time="0.006"/>
  <testcase name="testCalcShortestPath_CaseInsensitive" classname="com.TextGraphTest" time="0.005"/>
  <testcase name="testCalcShortestPath_NonExistentWord" classname="com.TextGraphTest" time="0.007"/>
  <testcase name="testCalcShortestPath_IntermediateNode" classname="com.TextGraphTest" time="0.005"/>
</testsuite>